\BOOKMARK [1][-]{section.1}{1. Introduction}{}% 1
\BOOKMARK [1][-]{section.2}{2. Functions}{}% 2
\BOOKMARK [2][-]{subsection.2.1}{2.1. Compress}{section.2}% 3
\BOOKMARK [2][-]{subsection.2.2}{2.2. Decode}{section.2}% 4
\BOOKMARK [2][-]{subsection.2.3}{2.3. Drop}{section.2}% 5
\BOOKMARK [2][-]{subsection.2.4}{2.4. Encode}{section.2}% 6
\BOOKMARK [2][-]{subsection.2.5}{2.5. Expand}{section.2}% 7
\BOOKMARK [2][-]{subsection.2.6}{2.6. Inner Product}{section.2}% 8
\BOOKMARK [2][-]{subsection.2.7}{2.7. Join}{section.2}% 9
\BOOKMARK [2][-]{subsection.2.8}{2.8. Member Of}{section.2}% 10
\BOOKMARK [2][-]{subsection.2.9}{2.9. Outer Product}{section.2}% 11
\BOOKMARK [2][-]{subsection.2.10}{2.10. Ravel}{section.2}% 12
\BOOKMARK [2][-]{subsection.2.11}{2.11. Rank}{section.2}% 13
\BOOKMARK [2][-]{subsection.2.12}{2.12. Reduce}{section.2}% 14
\BOOKMARK [2][-]{subsection.2.13}{2.13. Replicate}{section.2}% 15
\BOOKMARK [2][-]{subsection.2.14}{2.14. Reshape}{section.2}% 16
\BOOKMARK [2][-]{subsection.2.15}{2.15. Rotate}{section.2}% 17
\BOOKMARK [2][-]{subsection.2.16}{2.16. Scan}{section.2}% 18
\BOOKMARK [2][-]{subsection.2.17}{2.17. Select}{section.2}% 19
\BOOKMARK [2][-]{subsection.2.18}{2.18. Shape}{section.2}% 20
\BOOKMARK [2][-]{subsection.2.19}{2.19. Take}{section.2}% 21
\BOOKMARK [2][-]{subsection.2.20}{2.20. Transpose}{section.2}% 22
\BOOKMARK [1][-]{section.3}{3. Utilities}{}% 23
\BOOKMARK [1][-]{section*.2}{References}{}% 24
